{"/home/leovas/frontend-project-46/src/buldTree.js": {"path":"/home/leovas/frontend-project-46/src/buldTree.js","statementMap":{"0":{"start":{"line":3,"column":18},"end":{"line":22,"column":1}},"1":{"start":{"line":4,"column":15},"end":{"line":4,"column":60}},"2":{"start":{"line":5,"column":21},"end":{"line":5,"column":35}},"3":{"start":{"line":6,"column":15},"end":{"line":18,"column":4}},"4":{"start":{"line":7,"column":4},"end":{"line":9,"column":5}},"5":{"start":{"line":8,"column":6},"end":{"line":8,"column":41}},"6":{"start":{"line":10,"column":4},"end":{"line":12,"column":5}},"7":{"start":{"line":11,"column":6},"end":{"line":11,"column":41}},"8":{"start":{"line":14,"column":4},"end":{"line":16,"column":5}},"9":{"start":{"line":15,"column":6},"end":{"line":15,"column":40}},"10":{"start":{"line":17,"column":4},"end":{"line":17,"column":77}},"11":{"start":{"line":19,"column":18},"end":{"line":19,"column":43}},"12":{"start":{"line":20,"column":20},"end":{"line":20,"column":47}},"13":{"start":{"line":21,"column":2},"end":{"line":21,"column":19}}},"fnMap":{"0":{"name":"(anonymous_0)","decl":{"start":{"line":3,"column":18},"end":{"line":3,"column":19}},"loc":{"start":{"line":3,"column":44},"end":{"line":22,"column":1}},"line":3},"1":{"name":"(anonymous_1)","decl":{"start":{"line":6,"column":30},"end":{"line":6,"column":31}},"loc":{"start":{"line":6,"column":39},"end":{"line":18,"column":3}},"line":6}},"branchMap":{"0":{"loc":{"start":{"line":7,"column":4},"end":{"line":9,"column":5}},"type":"if","locations":[{"start":{"line":7,"column":4},"end":{"line":9,"column":5}},{"start":{},"end":{}}],"line":7},"1":{"loc":{"start":{"line":10,"column":4},"end":{"line":12,"column":5}},"type":"if","locations":[{"start":{"line":10,"column":4},"end":{"line":12,"column":5}},{"start":{},"end":{}}],"line":10},"2":{"loc":{"start":{"line":14,"column":4},"end":{"line":16,"column":5}},"type":"if","locations":[{"start":{"line":14,"column":4},"end":{"line":16,"column":5}},{"start":{},"end":{}}],"line":14}},"s":{"0":1,"1":1,"2":1,"3":1,"4":5,"5":1,"6":4,"7":2,"8":2,"9":1,"10":1,"11":1,"12":1,"13":1},"f":{"0":1,"1":5},"b":{"0":[1,4],"1":[2,2],"2":[1,1]},"_coverageSchema":"1a1c01bbd47fc00a2c39e90264f33305004495a9","hash":"2fcad50994113d20155266ff8d2e69176da7774e"}
,"/home/leovas/frontend-project-46/src/index.js": {"path":"/home/leovas/frontend-project-46/src/index.js","statementMap":{"0":{"start":{"line":7,"column":23},"end":{"line":13,"column":1}},"1":{"start":{"line":8,"column":16},"end":{"line":8,"column":61}},"2":{"start":{"line":9,"column":16},"end":{"line":9,"column":61}},"3":{"start":{"line":11,"column":15},"end":{"line":11,"column":38}},"4":{"start":{"line":12,"column":2},"end":{"line":12,"column":14}}},"fnMap":{"0":{"name":"(anonymous_0)","decl":{"start":{"line":7,"column":23},"end":{"line":7,"column":24}},"loc":{"start":{"line":7,"column":49},"end":{"line":13,"column":1}},"line":7}},"branchMap":{},"s":{"0":1,"1":1,"2":1,"3":1,"4":1},"f":{"0":1},"b":{},"_coverageSchema":"1a1c01bbd47fc00a2c39e90264f33305004495a9","hash":"4fd5f50e379c5ece14d835954aafacd6e1bd6461"}
,"/home/leovas/frontend-project-46/src/utils.js": {"path":"/home/leovas/frontend-project-46/src/utils.js","statementMap":{"0":{"start":{"line":4,"column":29},"end":{"line":4,"column":108}},"1":{"start":{"line":4,"column":43},"end":{"line":4,"column":108}},"2":{"start":{"line":6,"column":24},"end":{"line":6,"column":72}},"3":{"start":{"line":6,"column":38},"end":{"line":6,"column":72}},"4":{"start":{"line":18,"column":25},"end":{"line":18,"column":51}},"5":{"start":{"line":18,"column":35},"end":{"line":18,"column":51}}},"fnMap":{"0":{"name":"(anonymous_0)","decl":{"start":{"line":4,"column":29},"end":{"line":4,"column":30}},"loc":{"start":{"line":4,"column":43},"end":{"line":4,"column":108}},"line":4},"1":{"name":"(anonymous_1)","decl":{"start":{"line":6,"column":24},"end":{"line":6,"column":25}},"loc":{"start":{"line":6,"column":38},"end":{"line":6,"column":72}},"line":6},"2":{"name":"(anonymous_2)","decl":{"start":{"line":18,"column":25},"end":{"line":18,"column":26}},"loc":{"start":{"line":18,"column":35},"end":{"line":18,"column":51}},"line":18}},"branchMap":{},"s":{"0":1,"1":2,"2":1,"3":2,"4":1,"5":2},"f":{"0":2,"1":2,"2":2},"b":{},"_coverageSchema":"1a1c01bbd47fc00a2c39e90264f33305004495a9","hash":"e7599e54f72148bea9af70003a6603c69e4aa4f1"}
}
